<?xml version="1.0" encoding="UTF-8"?>
<testsuite xmlns:xsi="http://www.w3.org/2001/XMLSchema-instance" xsi:noNamespaceSchemaLocation="https://maven.apache.org/surefire/maven-surefire-plugin/xsd/surefire-test-report.xsd" name="com.store.db.CartDaoIntegrationTest" time="112.281" tests="4" errors="0" skipped="0" failures="0">
  <properties>
    <property name="sun.desktop" value="windows"/>
    <property name="awt.toolkit" value="sun.awt.windows.WToolkit"/>
    <property name="java.specification.version" value="11"/>
    <property name="sun.cpu.isalist" value="amd64"/>
    <property name="sun.jnu.encoding" value="Cp1252"/>
    <property name="java.class.path" value="C:\Users\moore\baking-store\ordering-system\target\test-classes;C:\Users\moore\baking-store\ordering-system\target\classes;C:\Users\moore\.m2\repository\io\dropwizard\dropwizard-core\4.0.0-beta.2\dropwizard-core-4.0.0-beta.2.jar;C:\Users\moore\.m2\repository\io\dropwizard\dropwizard-util\4.0.0-beta.2\dropwizard-util-4.0.0-beta.2.jar;C:\Users\moore\.m2\repository\io\dropwizard\dropwizard-jackson\4.0.0-beta.2\dropwizard-jackson-4.0.0-beta.2.jar;C:\Users\moore\.m2\repository\com\google\guava\guava\31.1-jre\guava-31.1-jre.jar;C:\Users\moore\.m2\repository\com\google\guava\failureaccess\1.0.1\failureaccess-1.0.1.jar;C:\Users\moore\.m2\repository\com\google\guava\listenablefuture\9999.0-empty-to-avoid-conflict-with-guava\listenablefuture-9999.0-empty-to-avoid-conflict-with-guava.jar;C:\Users\moore\.m2\repository\com\google\j2objc\j2objc-annotations\1.3\j2objc-annotations-1.3.jar;C:\Users\moore\.m2\repository\com\github\ben-manes\caffeine\caffeine\3.1.1\caffeine-3.1.1.jar;C:\Users\moore\.m2\repository\com\fasterxml\jackson\core\jackson-core\2.13.3\jackson-core-2.13.3.jar;C:\Users\moore\.m2\repository\com\fasterxml\jackson\datatype\jackson-datatype-jsr310\2.13.3\jackson-datatype-jsr310-2.13.3.jar;C:\Users\moore\.m2\repository\com\fasterxml\jackson\datatype\jackson-datatype-jdk8\2.13.3\jackson-datatype-jdk8-2.13.3.jar;C:\Users\moore\.m2\repository\com\fasterxml\jackson\module\jackson-module-parameter-names\2.13.3\jackson-module-parameter-names-2.13.3.jar;C:\Users\moore\.m2\repository\com\fasterxml\jackson\module\jackson-module-blackbird\2.13.3\jackson-module-blackbird-2.13.3.jar;C:\Users\moore\.m2\repository\io\dropwizard\dropwizard-validation\4.0.0-beta.2\dropwizard-validation-4.0.0-beta.2.jar;C:\Users\moore\.m2\repository\org\glassfish\jakarta.el\4.0.2\jakarta.el-4.0.2.jar;C:\Users\moore\.m2\repository\jakarta\el\jakarta.el-api\4.0.0\jakarta.el-api-4.0.0.jar;C:\Users\moore\.m2\repository\io\dropwizard\dropwizard-configuration\4.0.0-beta.2\dropwizard-configuration-4.0.0-beta.2.jar;C:\Users\moore\.m2\repository\com\fasterxml\jackson\dataformat\jackson-dataformat-yaml\2.13.3\jackson-dataformat-yaml-2.13.3.jar;C:\Users\moore\.m2\repository\org\yaml\snakeyaml\1.30\snakeyaml-1.30.jar;C:\Users\moore\.m2\repository\org\apache\commons\commons-text\1.9\commons-text-1.9.jar;C:\Users\moore\.m2\repository\io\dropwizard\dropwizard-logging\4.0.0-beta.2\dropwizard-logging-4.0.0-beta.2.jar;C:\Users\moore\.m2\repository\io\dropwizard\metrics\metrics-logback\4.2.10\metrics-logback-4.2.10.jar;C:\Users\moore\.m2\repository\org\slf4j\jul-to-slf4j\2.0.0-alpha7\jul-to-slf4j-2.0.0-alpha7.jar;C:\Users\moore\.m2\repository\ch\qos\logback\logback-core\1.3.0-alpha16\logback-core-1.3.0-alpha16.jar;C:\Users\moore\.m2\repository\com\google\errorprone\error_prone_annotations\2.14.0\error_prone_annotations-2.14.0.jar;C:\Users\moore\.m2\repository\io\dropwizard\logback\logback-throttling-appender\1.1.9\logback-throttling-appender-1.1.9.jar;C:\Users\moore\.m2\repository\org\slf4j\log4j-over-slf4j\2.0.0-alpha7\log4j-over-slf4j-2.0.0-alpha7.jar;C:\Users\moore\.m2\repository\org\slf4j\jcl-over-slf4j\2.0.0-alpha7\jcl-over-slf4j-2.0.0-alpha7.jar;C:\Users\moore\.m2\repository\io\dropwizard\dropwizard-metrics\4.0.0-beta.2\dropwizard-metrics-4.0.0-beta.2.jar;C:\Users\moore\.m2\repository\io\dropwizard\dropwizard-jersey\4.0.0-beta.2\dropwizard-jersey-4.0.0-beta.2.jar;C:\Users\moore\.m2\repository\org\glassfish\jersey\ext\jersey-metainf-services\3.0.5\jersey-metainf-services-3.0.5.jar;C:\Users\moore\.m2\repository\org\glassfish\jersey\inject\jersey-hk2\3.0.5\jersey-hk2-3.0.5.jar;C:\Users\moore\.m2\repository\org\glassfish\hk2\hk2-locator\3.0.3\hk2-locator-3.0.3.jar;C:\Users\moore\.m2\repository\io\dropwizard\metrics\metrics-jersey3\4.2.10\metrics-jersey3-4.2.10.jar;C:\Users\moore\.m2\repository\jakarta\annotation\jakarta.annotation-api\2.1.1\jakarta.annotation-api-2.1.1.jar;C:\Users\moore\.m2\repository\org\glassfish\hk2\hk2-api\3.0.3\hk2-api-3.0.3.jar;C:\Users\moore\.m2\repository\org\glassfish\hk2\hk2-utils\3.0.3\hk2-utils-3.0.3.jar;C:\Users\moore\.m2\repository\org\glassfish\hk2\external\aopalliance-repackaged\3.0.3\aopalliance-repackaged-3.0.3.jar;C:\Users\moore\.m2\repository\org\glassfish\jersey\containers\jersey-container-servlet\3.0.5\jersey-container-servlet-3.0.5.jar;C:\Users\moore\.m2\repository\io\dropwizard\dropwizard-servlets\4.0.0-beta.2\dropwizard-servlets-4.0.0-beta.2.jar;C:\Users\moore\.m2\repository\io\dropwizard\dropwizard-jetty\4.0.0-beta.2\dropwizard-jetty-4.0.0-beta.2.jar;C:\Users\moore\.m2\repository\org\eclipse\jetty\jetty-servlets\11.0.11\jetty-servlets-11.0.11.jar;C:\Users\moore\.m2\repository\org\eclipse\jetty\jetty-http\11.0.11\jetty-http-11.0.11.jar;C:\Users\moore\.m2\repository\io\dropwizard\dropwizard-lifecycle\4.0.0-beta.2\dropwizard-lifecycle-4.0.0-beta.2.jar;C:\Users\moore\.m2\repository\io\dropwizard\dropwizard-health\4.0.0-beta.2\dropwizard-health-4.0.0-beta.2.jar;C:\Users\moore\.m2\repository\io\dropwizard\metrics\metrics-core\4.2.10\metrics-core-4.2.10.jar;C:\Users\moore\.m2\repository\io\dropwizard\metrics\metrics-jetty11\4.2.10\metrics-jetty11-4.2.10.jar;C:\Users\moore\.m2\repository\io\dropwizard\metrics\metrics-jvm\4.2.10\metrics-jvm-4.2.10.jar;C:\Users\moore\.m2\repository\io\dropwizard\metrics\metrics-jmx\4.2.10\metrics-jmx-4.2.10.jar;C:\Users\moore\.m2\repository\io\dropwizard\metrics\metrics-jakarta-servlets\4.2.10\metrics-jakarta-servlets-4.2.10.jar;C:\Users\moore\.m2\repository\io\dropwizard\metrics\metrics-json\4.2.10\metrics-json-4.2.10.jar;C:\Users\moore\.m2\repository\com\helger\profiler\1.1.1\profiler-1.1.1.jar;C:\Users\moore\.m2\repository\io\dropwizard\metrics\metrics-healthchecks\4.2.10\metrics-healthchecks-4.2.10.jar;C:\Users\moore\.m2\repository\io\dropwizard\dropwizard-request-logging\4.0.0-beta.2\dropwizard-request-logging-4.0.0-beta.2.jar;C:\Users\moore\.m2\repository\ch\qos\logback\logback-access\1.3.0-alpha16\logback-access-1.3.0-alpha16.jar;C:\Users\moore\.m2\repository\ch\qos\logback\logback-classic\1.3.0-alpha16\logback-classic-1.3.0-alpha16.jar;C:\Users\moore\.m2\repository\com\fasterxml\jackson\core\jackson-databind\2.13.3\jackson-databind-2.13.3.jar;C:\Users\moore\.m2\repository\org\checkerframework\checker-qual\3.22.2\checker-qual-3.22.2.jar;C:\Users\moore\.m2\repository\jakarta\servlet\jakarta.servlet-api\5.0.0\jakarta.servlet-api-5.0.0.jar;C:\Users\moore\.m2\repository\jakarta\ws\rs\jakarta.ws.rs-api\3.0.0\jakarta.ws.rs-api-3.0.0.jar;C:\Users\moore\.m2\repository\net\sourceforge\argparse4j\argparse4j\0.9.0\argparse4j-0.9.0.jar;C:\Users\moore\.m2\repository\org\eclipse\jetty\jetty-security\11.0.11\jetty-security-11.0.11.jar;C:\Users\moore\.m2\repository\org\eclipse\jetty\jetty-server\11.0.11\jetty-server-11.0.11.jar;C:\Users\moore\.m2\repository\org\eclipse\jetty\jetty-servlet\11.0.11\jetty-servlet-11.0.11.jar;C:\Users\moore\.m2\repository\org\eclipse\jetty\jetty-util\11.0.11\jetty-util-11.0.11.jar;C:\Users\moore\.m2\repository\org\eclipse\jetty\toolchain\setuid\jetty-setuid-java\1.0.4\jetty-setuid-java-1.0.4.jar;C:\Users\moore\.m2\repository\jakarta\inject\jakarta.inject-api\2.0.1\jakarta.inject-api-2.0.1.jar;C:\Users\moore\.m2\repository\org\glassfish\jersey\core\jersey-common\3.0.5\jersey-common-3.0.5.jar;C:\Users\moore\.m2\repository\org\glassfish\hk2\osgi-resource-locator\1.0.3\osgi-resource-locator-1.0.3.jar;C:\Users\moore\.m2\repository\org\glassfish\jersey\ext\jersey-bean-validation\3.0.5\jersey-bean-validation-3.0.5.jar;C:\Users\moore\.m2\repository\org\slf4j\slf4j-api\2.0.0-alpha7\slf4j-api-2.0.0-alpha7.jar;C:\Users\moore\.m2\repository\io\dropwizard\dropwizard-hibernate\4.0.0-beta.2\dropwizard-hibernate-4.0.0-beta.2.jar;C:\Users\moore\.m2\repository\io\dropwizard\dropwizard-db\4.0.0-beta.2\dropwizard-db-4.0.0-beta.2.jar;C:\Users\moore\.m2\repository\com\fasterxml\jackson\datatype\jackson-datatype-hibernate5-jakarta\2.13.3\jackson-datatype-hibernate5-jakarta-2.13.3.jar;C:\Users\moore\.m2\repository\jakarta\transaction\jakarta.transaction-api\2.0.0\jakarta.transaction-api-2.0.0.jar;C:\Users\moore\.m2\repository\jakarta\persistence\jakarta.persistence-api\3.1.0\jakarta.persistence-api-3.1.0.jar;C:\Users\moore\.m2\repository\org\apache\tomcat\tomcat-jdbc\10.0.22\tomcat-jdbc-10.0.22.jar;C:\Users\moore\.m2\repository\org\apache\tomcat\tomcat-juli\10.0.22\tomcat-juli-10.0.22.jar;C:\Users\moore\.m2\repository\org\glassfish\jersey\core\jersey-client\3.0.5\jersey-client-3.0.5.jar;C:\Users\moore\.m2\repository\org\glassfish\jersey\core\jersey-server\3.0.5\jersey-server-3.0.5.jar;C:\Users\moore\.m2\repository\org\javassist\javassist\3.29.0-GA\javassist-3.29.0-GA.jar;C:\Users\moore\.m2\repository\org\jadira\usertype\usertype.core\7.0.0.CR1\usertype.core-7.0.0.CR1.jar;C:\Users\moore\.m2\repository\org\jadira\usertype\usertype.spi\7.0.0.CR1\usertype.spi-7.0.0.CR1.jar;C:\Users\moore\.m2\repository\org\hibernate\hibernate-core-jakarta\5.6.9.Final\hibernate-core-jakarta-5.6.9.Final.jar;C:\Users\moore\.m2\repository\antlr\antlr\2.7.7\antlr-2.7.7.jar;C:\Users\moore\.m2\repository\org\jboss\jandex\2.4.2.Final\jandex-2.4.2.Final.jar;C:\Users\moore\.m2\repository\org\dom4j\dom4j\2.1.3\dom4j-2.1.3.jar;C:\Users\moore\.m2\repository\org\hibernate\common\hibernate-commons-annotations\5.1.2.Final\hibernate-commons-annotations-5.1.2.Final.jar;C:\Users\moore\.m2\repository\org\glassfish\jaxb\jaxb-runtime\3.0.0\jaxb-runtime-3.0.0.jar;C:\Users\moore\.m2\repository\org\glassfish\jaxb\jaxb-core\3.0.0\jaxb-core-3.0.0.jar;C:\Users\moore\.m2\repository\org\glassfish\jaxb\txw2\3.0.0\txw2-3.0.0.jar;C:\Users\moore\.m2\repository\com\sun\istack\istack-commons-runtime\4.0.0\istack-commons-runtime-4.0.0.jar;C:\Users\moore\.m2\repository\jakarta\activation\jakarta.activation-api\2.1.0\jakarta.activation-api-2.1.0.jar;C:\Users\moore\.m2\repository\jakarta\xml\bind\jakarta.xml.bind-api\4.0.0\jakarta.xml.bind-api-4.0.0.jar;C:\Users\moore\.m2\repository\com\fasterxml\jackson\core\jackson-annotations\2.13.3\jackson-annotations-2.13.3.jar;C:\Users\moore\.m2\repository\jakarta\validation\jakarta.validation-api\3.0.2\jakarta.validation-api-3.0.2.jar;C:\Users\moore\.m2\repository\org\hibernate\validator\hibernate-validator\7.0.4.Final\hibernate-validator-7.0.4.Final.jar;C:\Users\moore\.m2\repository\org\jboss\logging\jboss-logging\3.4.1.Final\jboss-logging-3.4.1.Final.jar;C:\Users\moore\.m2\repository\com\fasterxml\classmate\1.5.1\classmate-1.5.1.jar;C:\Users\moore\.m2\repository\io\dropwizard\dropwizard-testing\4.0.0-beta.2\dropwizard-testing-4.0.0-beta.2.jar;C:\Users\moore\.m2\repository\io\dropwizard\metrics\metrics-annotation\4.2.10\metrics-annotation-4.2.10.jar;C:\Users\moore\.m2\repository\com\fasterxml\jackson\datatype\jackson-datatype-guava\2.13.3\jackson-datatype-guava-2.13.3.jar;C:\Users\moore\.m2\repository\com\fasterxml\jackson\jakarta\rs\jackson-jakarta-rs-json-provider\2.13.3\jackson-jakarta-rs-json-provider-2.13.3.jar;C:\Users\moore\.m2\repository\com\fasterxml\jackson\jakarta\rs\jackson-jakarta-rs-base\2.13.3\jackson-jakarta-rs-base-2.13.3.jar;C:\Users\moore\.m2\repository\com\fasterxml\jackson\module\jackson-module-jakarta-xmlbind-annotations\2.13.3\jackson-module-jakarta-xmlbind-annotations-2.13.3.jar;C:\Users\moore\.m2\repository\com\sun\activation\jakarta.activation\2.0.1\jakarta.activation-2.0.1.jar;C:\Users\moore\.m2\repository\org\eclipse\jetty\jetty-io\11.0.11\jetty-io-11.0.11.jar;C:\Users\moore\.m2\repository\org\glassfish\jersey\containers\jersey-container-servlet-core\3.0.5\jersey-container-servlet-core-3.0.5.jar;C:\Users\moore\.m2\repository\org\glassfish\jersey\connectors\jersey-grizzly-connector\3.0.5\jersey-grizzly-connector-3.0.5.jar;C:\Users\moore\.m2\repository\org\glassfish\grizzly\grizzly-http-client\1.16\grizzly-http-client-1.16.jar;C:\Users\moore\.m2\repository\org\glassfish\grizzly\grizzly-websockets\3.0.1\grizzly-websockets-3.0.1.jar;C:\Users\moore\.m2\repository\org\glassfish\grizzly\grizzly-framework\3.0.1\grizzly-framework-3.0.1.jar;C:\Users\moore\.m2\repository\org\glassfish\grizzly\grizzly-http\3.0.1\grizzly-http-3.0.1.jar;C:\Users\moore\.m2\repository\org\glassfish\grizzly\connection-pool\3.0.1\connection-pool-3.0.1.jar;C:\Users\moore\.m2\repository\org\glassfish\jersey\test-framework\jersey-test-framework-core\3.0.5\jersey-test-framework-core-3.0.5.jar;C:\Users\moore\.m2\repository\org\glassfish\jersey\media\jersey-media-jaxb\3.0.5\jersey-media-jaxb-3.0.5.jar;C:\Users\moore\.m2\repository\org\glassfish\jersey\test-framework\providers\jersey-test-framework-provider-inmemory\3.0.5\jersey-test-framework-provider-inmemory-3.0.5.jar;C:\Users\moore\.m2\repository\io\dropwizard\dropwizard-migrations\4.0.0-beta.2\dropwizard-migrations-4.0.0-beta.2.jar;C:\Users\moore\.m2\repository\com\mattbertolini\liquibase-slf4j\4.1.0\liquibase-slf4j-4.1.0.jar;C:\Users\moore\.m2\repository\org\liquibase\liquibase-core\4.19.0\liquibase-core-4.19.0.jar;C:\Users\moore\.m2\repository\javax\xml\bind\jaxb-api\2.3.1\jaxb-api-2.3.1.jar;C:\Users\moore\.m2\repository\javax\activation\javax.activation-api\1.2.0\javax.activation-api-1.2.0.jar;C:\Users\moore\.m2\repository\com\opencsv\opencsv\5.7.1\opencsv-5.7.1.jar;C:\Users\moore\.m2\repository\org\apache\commons\commons-collections4\4.4\commons-collections4-4.4.jar;C:\Users\moore\.m2\repository\org\postgresql\postgresql\42.5.1\postgresql-42.5.1.jar;C:\Users\moore\.m2\repository\io\zonky\test\embedded-postgres\2.0.0\embedded-postgres-2.0.0.jar;C:\Users\moore\.m2\repository\io\zonky\test\postgres\embedded-postgres-binaries-windows-amd64\14.3.0\embedded-postgres-binaries-windows-amd64-14.3.0.jar;C:\Users\moore\.m2\repository\io\zonky\test\postgres\embedded-postgres-binaries-darwin-amd64\14.3.0\embedded-postgres-binaries-darwin-amd64-14.3.0.jar;C:\Users\moore\.m2\repository\io\zonky\test\postgres\embedded-postgres-binaries-linux-amd64\14.3.0\embedded-postgres-binaries-linux-amd64-14.3.0.jar;C:\Users\moore\.m2\repository\io\zonky\test\postgres\embedded-postgres-binaries-linux-amd64-alpine\14.3.0\embedded-postgres-binaries-linux-amd64-alpine-14.3.0.jar;C:\Users\moore\.m2\repository\org\apache\commons\commons-lang3\3.12.0\commons-lang3-3.12.0.jar;C:\Users\moore\.m2\repository\org\apache\commons\commons-compress\1.21\commons-compress-1.21.jar;C:\Users\moore\.m2\repository\org\tukaani\xz\1.9\xz-1.9.jar;C:\Users\moore\.m2\repository\commons-io\commons-io\2.11.0\commons-io-2.11.0.jar;C:\Users\moore\.m2\repository\commons-codec\commons-codec\1.15\commons-codec-1.15.jar;C:\Users\moore\.m2\repository\org\junit\jupiter\junit-jupiter\5.8.2\junit-jupiter-5.8.2.jar;C:\Users\moore\.m2\repository\org\junit\jupiter\junit-jupiter-api\5.8.2\junit-jupiter-api-5.8.2.jar;C:\Users\moore\.m2\repository\org\opentest4j\opentest4j\1.2.0\opentest4j-1.2.0.jar;C:\Users\moore\.m2\repository\org\junit\platform\junit-platform-commons\1.8.2\junit-platform-commons-1.8.2.jar;C:\Users\moore\.m2\repository\org\apiguardian\apiguardian-api\1.1.2\apiguardian-api-1.1.2.jar;C:\Users\moore\.m2\repository\org\junit\jupiter\junit-jupiter-params\5.8.2\junit-jupiter-params-5.8.2.jar;C:\Users\moore\.m2\repository\org\junit\jupiter\junit-jupiter-engine\5.8.2\junit-jupiter-engine-5.8.2.jar;C:\Users\moore\.m2\repository\org\junit\platform\junit-platform-engine\1.8.2\junit-platform-engine-1.8.2.jar;C:\Users\moore\.m2\repository\org\assertj\assertj-core\3.23.1\assertj-core-3.23.1.jar;C:\Users\moore\.m2\repository\net\bytebuddy\byte-buddy\1.12.12\byte-buddy-1.12.12.jar;"/>
    <property name="java.vm.vendor" value="OpenLogic"/>
    <property name="sun.arch.data.model" value="64"/>
    <property name="user.variant" value=""/>
    <property name="java.vendor.url" value="https://openlogic.com/"/>
    <property name="user.timezone" value="America/Los_Angeles"/>
    <property name="java.vm.specification.version" value="11"/>
    <property name="os.name" value="Windows 10"/>
    <property name="sun.java.launcher" value="SUN_STANDARD"/>
    <property name="user.country" value="US"/>
    <property name="sun.boot.library.path" value="C:\Program Files\OpenJDK\jdk-11\bin"/>
    <property name="sun.java.command" value="C:\Users\moore\AppData\Local\Temp\surefire16622491405057448909\surefirebooter16854110623667106913.jar C:\Users\moore\AppData\Local\Temp\surefire16622491405057448909 2023-03-01T20-00-16_546-jvmRun1 surefire1157814506759043678tmp surefire_06774959945553881694tmp"/>
    <property name="jdk.debug" value="release"/>
    <property name="surefire.test.class.path" value="C:\Users\moore\baking-store\ordering-system\target\test-classes;C:\Users\moore\baking-store\ordering-system\target\classes;C:\Users\moore\.m2\repository\io\dropwizard\dropwizard-core\4.0.0-beta.2\dropwizard-core-4.0.0-beta.2.jar;C:\Users\moore\.m2\repository\io\dropwizard\dropwizard-util\4.0.0-beta.2\dropwizard-util-4.0.0-beta.2.jar;C:\Users\moore\.m2\repository\io\dropwizard\dropwizard-jackson\4.0.0-beta.2\dropwizard-jackson-4.0.0-beta.2.jar;C:\Users\moore\.m2\repository\com\google\guava\guava\31.1-jre\guava-31.1-jre.jar;C:\Users\moore\.m2\repository\com\google\guava\failureaccess\1.0.1\failureaccess-1.0.1.jar;C:\Users\moore\.m2\repository\com\google\guava\listenablefuture\9999.0-empty-to-avoid-conflict-with-guava\listenablefuture-9999.0-empty-to-avoid-conflict-with-guava.jar;C:\Users\moore\.m2\repository\com\google\j2objc\j2objc-annotations\1.3\j2objc-annotations-1.3.jar;C:\Users\moore\.m2\repository\com\github\ben-manes\caffeine\caffeine\3.1.1\caffeine-3.1.1.jar;C:\Users\moore\.m2\repository\com\fasterxml\jackson\core\jackson-core\2.13.3\jackson-core-2.13.3.jar;C:\Users\moore\.m2\repository\com\fasterxml\jackson\datatype\jackson-datatype-jsr310\2.13.3\jackson-datatype-jsr310-2.13.3.jar;C:\Users\moore\.m2\repository\com\fasterxml\jackson\datatype\jackson-datatype-jdk8\2.13.3\jackson-datatype-jdk8-2.13.3.jar;C:\Users\moore\.m2\repository\com\fasterxml\jackson\module\jackson-module-parameter-names\2.13.3\jackson-module-parameter-names-2.13.3.jar;C:\Users\moore\.m2\repository\com\fasterxml\jackson\module\jackson-module-blackbird\2.13.3\jackson-module-blackbird-2.13.3.jar;C:\Users\moore\.m2\repository\io\dropwizard\dropwizard-validation\4.0.0-beta.2\dropwizard-validation-4.0.0-beta.2.jar;C:\Users\moore\.m2\repository\org\glassfish\jakarta.el\4.0.2\jakarta.el-4.0.2.jar;C:\Users\moore\.m2\repository\jakarta\el\jakarta.el-api\4.0.0\jakarta.el-api-4.0.0.jar;C:\Users\moore\.m2\repository\io\dropwizard\dropwizard-configuration\4.0.0-beta.2\dropwizard-configuration-4.0.0-beta.2.jar;C:\Users\moore\.m2\repository\com\fasterxml\jackson\dataformat\jackson-dataformat-yaml\2.13.3\jackson-dataformat-yaml-2.13.3.jar;C:\Users\moore\.m2\repository\org\yaml\snakeyaml\1.30\snakeyaml-1.30.jar;C:\Users\moore\.m2\repository\org\apache\commons\commons-text\1.9\commons-text-1.9.jar;C:\Users\moore\.m2\repository\io\dropwizard\dropwizard-logging\4.0.0-beta.2\dropwizard-logging-4.0.0-beta.2.jar;C:\Users\moore\.m2\repository\io\dropwizard\metrics\metrics-logback\4.2.10\metrics-logback-4.2.10.jar;C:\Users\moore\.m2\repository\org\slf4j\jul-to-slf4j\2.0.0-alpha7\jul-to-slf4j-2.0.0-alpha7.jar;C:\Users\moore\.m2\repository\ch\qos\logback\logback-core\1.3.0-alpha16\logback-core-1.3.0-alpha16.jar;C:\Users\moore\.m2\repository\com\google\errorprone\error_prone_annotations\2.14.0\error_prone_annotations-2.14.0.jar;C:\Users\moore\.m2\repository\io\dropwizard\logback\logback-throttling-appender\1.1.9\logback-throttling-appender-1.1.9.jar;C:\Users\moore\.m2\repository\org\slf4j\log4j-over-slf4j\2.0.0-alpha7\log4j-over-slf4j-2.0.0-alpha7.jar;C:\Users\moore\.m2\repository\org\slf4j\jcl-over-slf4j\2.0.0-alpha7\jcl-over-slf4j-2.0.0-alpha7.jar;C:\Users\moore\.m2\repository\io\dropwizard\dropwizard-metrics\4.0.0-beta.2\dropwizard-metrics-4.0.0-beta.2.jar;C:\Users\moore\.m2\repository\io\dropwizard\dropwizard-jersey\4.0.0-beta.2\dropwizard-jersey-4.0.0-beta.2.jar;C:\Users\moore\.m2\repository\org\glassfish\jersey\ext\jersey-metainf-services\3.0.5\jersey-metainf-services-3.0.5.jar;C:\Users\moore\.m2\repository\org\glassfish\jersey\inject\jersey-hk2\3.0.5\jersey-hk2-3.0.5.jar;C:\Users\moore\.m2\repository\org\glassfish\hk2\hk2-locator\3.0.3\hk2-locator-3.0.3.jar;C:\Users\moore\.m2\repository\io\dropwizard\metrics\metrics-jersey3\4.2.10\metrics-jersey3-4.2.10.jar;C:\Users\moore\.m2\repository\jakarta\annotation\jakarta.annotation-api\2.1.1\jakarta.annotation-api-2.1.1.jar;C:\Users\moore\.m2\repository\org\glassfish\hk2\hk2-api\3.0.3\hk2-api-3.0.3.jar;C:\Users\moore\.m2\repository\org\glassfish\hk2\hk2-utils\3.0.3\hk2-utils-3.0.3.jar;C:\Users\moore\.m2\repository\org\glassfish\hk2\external\aopalliance-repackaged\3.0.3\aopalliance-repackaged-3.0.3.jar;C:\Users\moore\.m2\repository\org\glassfish\jersey\containers\jersey-container-servlet\3.0.5\jersey-container-servlet-3.0.5.jar;C:\Users\moore\.m2\repository\io\dropwizard\dropwizard-servlets\4.0.0-beta.2\dropwizard-servlets-4.0.0-beta.2.jar;C:\Users\moore\.m2\repository\io\dropwizard\dropwizard-jetty\4.0.0-beta.2\dropwizard-jetty-4.0.0-beta.2.jar;C:\Users\moore\.m2\repository\org\eclipse\jetty\jetty-servlets\11.0.11\jetty-servlets-11.0.11.jar;C:\Users\moore\.m2\repository\org\eclipse\jetty\jetty-http\11.0.11\jetty-http-11.0.11.jar;C:\Users\moore\.m2\repository\io\dropwizard\dropwizard-lifecycle\4.0.0-beta.2\dropwizard-lifecycle-4.0.0-beta.2.jar;C:\Users\moore\.m2\repository\io\dropwizard\dropwizard-health\4.0.0-beta.2\dropwizard-health-4.0.0-beta.2.jar;C:\Users\moore\.m2\repository\io\dropwizard\metrics\metrics-core\4.2.10\metrics-core-4.2.10.jar;C:\Users\moore\.m2\repository\io\dropwizard\metrics\metrics-jetty11\4.2.10\metrics-jetty11-4.2.10.jar;C:\Users\moore\.m2\repository\io\dropwizard\metrics\metrics-jvm\4.2.10\metrics-jvm-4.2.10.jar;C:\Users\moore\.m2\repository\io\dropwizard\metrics\metrics-jmx\4.2.10\metrics-jmx-4.2.10.jar;C:\Users\moore\.m2\repository\io\dropwizard\metrics\metrics-jakarta-servlets\4.2.10\metrics-jakarta-servlets-4.2.10.jar;C:\Users\moore\.m2\repository\io\dropwizard\metrics\metrics-json\4.2.10\metrics-json-4.2.10.jar;C:\Users\moore\.m2\repository\com\helger\profiler\1.1.1\profiler-1.1.1.jar;C:\Users\moore\.m2\repository\io\dropwizard\metrics\metrics-healthchecks\4.2.10\metrics-healthchecks-4.2.10.jar;C:\Users\moore\.m2\repository\io\dropwizard\dropwizard-request-logging\4.0.0-beta.2\dropwizard-request-logging-4.0.0-beta.2.jar;C:\Users\moore\.m2\repository\ch\qos\logback\logback-access\1.3.0-alpha16\logback-access-1.3.0-alpha16.jar;C:\Users\moore\.m2\repository\ch\qos\logback\logback-classic\1.3.0-alpha16\logback-classic-1.3.0-alpha16.jar;C:\Users\moore\.m2\repository\com\fasterxml\jackson\core\jackson-databind\2.13.3\jackson-databind-2.13.3.jar;C:\Users\moore\.m2\repository\org\checkerframework\checker-qual\3.22.2\checker-qual-3.22.2.jar;C:\Users\moore\.m2\repository\jakarta\servlet\jakarta.servlet-api\5.0.0\jakarta.servlet-api-5.0.0.jar;C:\Users\moore\.m2\repository\jakarta\ws\rs\jakarta.ws.rs-api\3.0.0\jakarta.ws.rs-api-3.0.0.jar;C:\Users\moore\.m2\repository\net\sourceforge\argparse4j\argparse4j\0.9.0\argparse4j-0.9.0.jar;C:\Users\moore\.m2\repository\org\eclipse\jetty\jetty-security\11.0.11\jetty-security-11.0.11.jar;C:\Users\moore\.m2\repository\org\eclipse\jetty\jetty-server\11.0.11\jetty-server-11.0.11.jar;C:\Users\moore\.m2\repository\org\eclipse\jetty\jetty-servlet\11.0.11\jetty-servlet-11.0.11.jar;C:\Users\moore\.m2\repository\org\eclipse\jetty\jetty-util\11.0.11\jetty-util-11.0.11.jar;C:\Users\moore\.m2\repository\org\eclipse\jetty\toolchain\setuid\jetty-setuid-java\1.0.4\jetty-setuid-java-1.0.4.jar;C:\Users\moore\.m2\repository\jakarta\inject\jakarta.inject-api\2.0.1\jakarta.inject-api-2.0.1.jar;C:\Users\moore\.m2\repository\org\glassfish\jersey\core\jersey-common\3.0.5\jersey-common-3.0.5.jar;C:\Users\moore\.m2\repository\org\glassfish\hk2\osgi-resource-locator\1.0.3\osgi-resource-locator-1.0.3.jar;C:\Users\moore\.m2\repository\org\glassfish\jersey\ext\jersey-bean-validation\3.0.5\jersey-bean-validation-3.0.5.jar;C:\Users\moore\.m2\repository\org\slf4j\slf4j-api\2.0.0-alpha7\slf4j-api-2.0.0-alpha7.jar;C:\Users\moore\.m2\repository\io\dropwizard\dropwizard-hibernate\4.0.0-beta.2\dropwizard-hibernate-4.0.0-beta.2.jar;C:\Users\moore\.m2\repository\io\dropwizard\dropwizard-db\4.0.0-beta.2\dropwizard-db-4.0.0-beta.2.jar;C:\Users\moore\.m2\repository\com\fasterxml\jackson\datatype\jackson-datatype-hibernate5-jakarta\2.13.3\jackson-datatype-hibernate5-jakarta-2.13.3.jar;C:\Users\moore\.m2\repository\jakarta\transaction\jakarta.transaction-api\2.0.0\jakarta.transaction-api-2.0.0.jar;C:\Users\moore\.m2\repository\jakarta\persistence\jakarta.persistence-api\3.1.0\jakarta.persistence-api-3.1.0.jar;C:\Users\moore\.m2\repository\org\apache\tomcat\tomcat-jdbc\10.0.22\tomcat-jdbc-10.0.22.jar;C:\Users\moore\.m2\repository\org\apache\tomcat\tomcat-juli\10.0.22\tomcat-juli-10.0.22.jar;C:\Users\moore\.m2\repository\org\glassfish\jersey\core\jersey-client\3.0.5\jersey-client-3.0.5.jar;C:\Users\moore\.m2\repository\org\glassfish\jersey\core\jersey-server\3.0.5\jersey-server-3.0.5.jar;C:\Users\moore\.m2\repository\org\javassist\javassist\3.29.0-GA\javassist-3.29.0-GA.jar;C:\Users\moore\.m2\repository\org\jadira\usertype\usertype.core\7.0.0.CR1\usertype.core-7.0.0.CR1.jar;C:\Users\moore\.m2\repository\org\jadira\usertype\usertype.spi\7.0.0.CR1\usertype.spi-7.0.0.CR1.jar;C:\Users\moore\.m2\repository\org\hibernate\hibernate-core-jakarta\5.6.9.Final\hibernate-core-jakarta-5.6.9.Final.jar;C:\Users\moore\.m2\repository\antlr\antlr\2.7.7\antlr-2.7.7.jar;C:\Users\moore\.m2\repository\org\jboss\jandex\2.4.2.Final\jandex-2.4.2.Final.jar;C:\Users\moore\.m2\repository\org\dom4j\dom4j\2.1.3\dom4j-2.1.3.jar;C:\Users\moore\.m2\repository\org\hibernate\common\hibernate-commons-annotations\5.1.2.Final\hibernate-commons-annotations-5.1.2.Final.jar;C:\Users\moore\.m2\repository\org\glassfish\jaxb\jaxb-runtime\3.0.0\jaxb-runtime-3.0.0.jar;C:\Users\moore\.m2\repository\org\glassfish\jaxb\jaxb-core\3.0.0\jaxb-core-3.0.0.jar;C:\Users\moore\.m2\repository\org\glassfish\jaxb\txw2\3.0.0\txw2-3.0.0.jar;C:\Users\moore\.m2\repository\com\sun\istack\istack-commons-runtime\4.0.0\istack-commons-runtime-4.0.0.jar;C:\Users\moore\.m2\repository\jakarta\activation\jakarta.activation-api\2.1.0\jakarta.activation-api-2.1.0.jar;C:\Users\moore\.m2\repository\jakarta\xml\bind\jakarta.xml.bind-api\4.0.0\jakarta.xml.bind-api-4.0.0.jar;C:\Users\moore\.m2\repository\com\fasterxml\jackson\core\jackson-annotations\2.13.3\jackson-annotations-2.13.3.jar;C:\Users\moore\.m2\repository\jakarta\validation\jakarta.validation-api\3.0.2\jakarta.validation-api-3.0.2.jar;C:\Users\moore\.m2\repository\org\hibernate\validator\hibernate-validator\7.0.4.Final\hibernate-validator-7.0.4.Final.jar;C:\Users\moore\.m2\repository\org\jboss\logging\jboss-logging\3.4.1.Final\jboss-logging-3.4.1.Final.jar;C:\Users\moore\.m2\repository\com\fasterxml\classmate\1.5.1\classmate-1.5.1.jar;C:\Users\moore\.m2\repository\io\dropwizard\dropwizard-testing\4.0.0-beta.2\dropwizard-testing-4.0.0-beta.2.jar;C:\Users\moore\.m2\repository\io\dropwizard\metrics\metrics-annotation\4.2.10\metrics-annotation-4.2.10.jar;C:\Users\moore\.m2\repository\com\fasterxml\jackson\datatype\jackson-datatype-guava\2.13.3\jackson-datatype-guava-2.13.3.jar;C:\Users\moore\.m2\repository\com\fasterxml\jackson\jakarta\rs\jackson-jakarta-rs-json-provider\2.13.3\jackson-jakarta-rs-json-provider-2.13.3.jar;C:\Users\moore\.m2\repository\com\fasterxml\jackson\jakarta\rs\jackson-jakarta-rs-base\2.13.3\jackson-jakarta-rs-base-2.13.3.jar;C:\Users\moore\.m2\repository\com\fasterxml\jackson\module\jackson-module-jakarta-xmlbind-annotations\2.13.3\jackson-module-jakarta-xmlbind-annotations-2.13.3.jar;C:\Users\moore\.m2\repository\com\sun\activation\jakarta.activation\2.0.1\jakarta.activation-2.0.1.jar;C:\Users\moore\.m2\repository\org\eclipse\jetty\jetty-io\11.0.11\jetty-io-11.0.11.jar;C:\Users\moore\.m2\repository\org\glassfish\jersey\containers\jersey-container-servlet-core\3.0.5\jersey-container-servlet-core-3.0.5.jar;C:\Users\moore\.m2\repository\org\glassfish\jersey\connectors\jersey-grizzly-connector\3.0.5\jersey-grizzly-connector-3.0.5.jar;C:\Users\moore\.m2\repository\org\glassfish\grizzly\grizzly-http-client\1.16\grizzly-http-client-1.16.jar;C:\Users\moore\.m2\repository\org\glassfish\grizzly\grizzly-websockets\3.0.1\grizzly-websockets-3.0.1.jar;C:\Users\moore\.m2\repository\org\glassfish\grizzly\grizzly-framework\3.0.1\grizzly-framework-3.0.1.jar;C:\Users\moore\.m2\repository\org\glassfish\grizzly\grizzly-http\3.0.1\grizzly-http-3.0.1.jar;C:\Users\moore\.m2\repository\org\glassfish\grizzly\connection-pool\3.0.1\connection-pool-3.0.1.jar;C:\Users\moore\.m2\repository\org\glassfish\jersey\test-framework\jersey-test-framework-core\3.0.5\jersey-test-framework-core-3.0.5.jar;C:\Users\moore\.m2\repository\org\glassfish\jersey\media\jersey-media-jaxb\3.0.5\jersey-media-jaxb-3.0.5.jar;C:\Users\moore\.m2\repository\org\glassfish\jersey\test-framework\providers\jersey-test-framework-provider-inmemory\3.0.5\jersey-test-framework-provider-inmemory-3.0.5.jar;C:\Users\moore\.m2\repository\io\dropwizard\dropwizard-migrations\4.0.0-beta.2\dropwizard-migrations-4.0.0-beta.2.jar;C:\Users\moore\.m2\repository\com\mattbertolini\liquibase-slf4j\4.1.0\liquibase-slf4j-4.1.0.jar;C:\Users\moore\.m2\repository\org\liquibase\liquibase-core\4.19.0\liquibase-core-4.19.0.jar;C:\Users\moore\.m2\repository\javax\xml\bind\jaxb-api\2.3.1\jaxb-api-2.3.1.jar;C:\Users\moore\.m2\repository\javax\activation\javax.activation-api\1.2.0\javax.activation-api-1.2.0.jar;C:\Users\moore\.m2\repository\com\opencsv\opencsv\5.7.1\opencsv-5.7.1.jar;C:\Users\moore\.m2\repository\org\apache\commons\commons-collections4\4.4\commons-collections4-4.4.jar;C:\Users\moore\.m2\repository\org\postgresql\postgresql\42.5.1\postgresql-42.5.1.jar;C:\Users\moore\.m2\repository\io\zonky\test\embedded-postgres\2.0.0\embedded-postgres-2.0.0.jar;C:\Users\moore\.m2\repository\io\zonky\test\postgres\embedded-postgres-binaries-windows-amd64\14.3.0\embedded-postgres-binaries-windows-amd64-14.3.0.jar;C:\Users\moore\.m2\repository\io\zonky\test\postgres\embedded-postgres-binaries-darwin-amd64\14.3.0\embedded-postgres-binaries-darwin-amd64-14.3.0.jar;C:\Users\moore\.m2\repository\io\zonky\test\postgres\embedded-postgres-binaries-linux-amd64\14.3.0\embedded-postgres-binaries-linux-amd64-14.3.0.jar;C:\Users\moore\.m2\repository\io\zonky\test\postgres\embedded-postgres-binaries-linux-amd64-alpine\14.3.0\embedded-postgres-binaries-linux-amd64-alpine-14.3.0.jar;C:\Users\moore\.m2\repository\org\apache\commons\commons-lang3\3.12.0\commons-lang3-3.12.0.jar;C:\Users\moore\.m2\repository\org\apache\commons\commons-compress\1.21\commons-compress-1.21.jar;C:\Users\moore\.m2\repository\org\tukaani\xz\1.9\xz-1.9.jar;C:\Users\moore\.m2\repository\commons-io\commons-io\2.11.0\commons-io-2.11.0.jar;C:\Users\moore\.m2\repository\commons-codec\commons-codec\1.15\commons-codec-1.15.jar;C:\Users\moore\.m2\repository\org\junit\jupiter\junit-jupiter\5.8.2\junit-jupiter-5.8.2.jar;C:\Users\moore\.m2\repository\org\junit\jupiter\junit-jupiter-api\5.8.2\junit-jupiter-api-5.8.2.jar;C:\Users\moore\.m2\repository\org\opentest4j\opentest4j\1.2.0\opentest4j-1.2.0.jar;C:\Users\moore\.m2\repository\org\junit\platform\junit-platform-commons\1.8.2\junit-platform-commons-1.8.2.jar;C:\Users\moore\.m2\repository\org\apiguardian\apiguardian-api\1.1.2\apiguardian-api-1.1.2.jar;C:\Users\moore\.m2\repository\org\junit\jupiter\junit-jupiter-params\5.8.2\junit-jupiter-params-5.8.2.jar;C:\Users\moore\.m2\repository\org\junit\jupiter\junit-jupiter-engine\5.8.2\junit-jupiter-engine-5.8.2.jar;C:\Users\moore\.m2\repository\org\junit\platform\junit-platform-engine\1.8.2\junit-platform-engine-1.8.2.jar;C:\Users\moore\.m2\repository\org\assertj\assertj-core\3.23.1\assertj-core-3.23.1.jar;C:\Users\moore\.m2\repository\net\bytebuddy\byte-buddy\1.12.12\byte-buddy-1.12.12.jar;"/>
    <property name="sun.cpu.endian" value="little"/>
    <property name="user.home" value="C:\Users\moore"/>
    <property name="user.language" value="en"/>
    <property name="java.specification.vendor" value="Oracle Corporation"/>
    <property name="java.version.date" value="2023-01-17"/>
    <property name="java.home" value="C:\Program Files\OpenJDK\jdk-11"/>
    <property name="file.separator" value="\"/>
    <property name="basedir" value="C:\Users\moore\baking-store\ordering-system"/>
    <property name="java.vm.compressedOopsMode" value="32-bit"/>
    <property name="line.separator" value="&#10;"/>
    <property name="java.specification.name" value="Java Platform API Specification"/>
    <property name="java.vm.specification.vendor" value="Oracle Corporation"/>
    <property name="java.awt.graphicsenv" value="sun.awt.Win32GraphicsEnvironment"/>
    <property name="surefire.real.class.path" value="C:\Users\moore\AppData\Local\Temp\surefire16622491405057448909\surefirebooter16854110623667106913.jar"/>
    <property name="user.script" value=""/>
    <property name="sun.management.compiler" value="HotSpot 64-Bit Tiered Compilers"/>
    <property name="java.runtime.version" value="11.0.18+10-adhoc..jdk11u"/>
    <property name="user.name" value="moore"/>
    <property name="path.separator" value=";"/>
    <property name="os.version" value="10.0"/>
    <property name="java.runtime.name" value="OpenJDK Runtime Environment"/>
    <property name="file.encoding" value="Cp1252"/>
    <property name="java.vm.name" value="OpenJDK 64-Bit Server VM"/>
    <property name="java.vendor.version" value="OpenLogic-OpenJDK"/>
    <property name="localRepository" value="C:\Users\moore\.m2\repository"/>
    <property name="java.vendor.url.bug" value="https://techsupport.roguewave.com/"/>
    <property name="java.io.tmpdir" value="C:\Users\moore\AppData\Local\Temp\"/>
    <property name="java.version" value="11.0.18"/>
    <property name="user.dir" value="C:\Users\moore\baking-store\ordering-system"/>
    <property name="os.arch" value="amd64"/>
    <property name="java.vm.specification.name" value="Java Virtual Machine Specification"/>
    <property name="java.awt.printerjob" value="sun.awt.windows.WPrinterJob"/>
    <property name="sun.os.patch.level" value=""/>
    <property name="java.library.path" value="C:\Program Files\OpenJDK\jdk-11\bin;C:\Windows\Sun\Java\bin;C:\Windows\system32;C:\Windows;C:\Program Files\OpenJDK\jre-11.\bin;C:\Program Files\OpenJDK\jdk-11\bin;C:\Windows\system32;C:\Windows;C:\Windows\System32\Wbem;C:\Windows\System32\WindowsPowerShell\v1.0\;C:\Windows\System32\OpenSSH\;C:\Program Files\ApacheMaven 3.9\bin;C:\Program Files\Git\cmd;C:\Program Files\Docker\Docker\resources\bin;C:\Users\moore\AppData\Local\Microsoft\WindowsApps;C:\Users\moore\AppData\Local\Programs\Microsoft VS Code\bin;C:\Program Files\ApacheMaven 3.9\bin;C:\Program Files\OpenJDK\jdk-11\bin;C:\Program Files\OpenJDK\jre-11\bin;;."/>
    <property name="java.vm.info" value="mixed mode"/>
    <property name="java.vendor" value="OpenLogic"/>
    <property name="java.vm.version" value="11.0.18+10-adhoc..jdk11u"/>
    <property name="sun.io.unicode.encoding" value="UnicodeLittle"/>
    <property name="java.class.version" value="55.0"/>
  </properties>
  <testcase name="testFindAll" classname="com.store.db.CartDaoIntegrationTest" time="1.605"/>
  <testcase name="testGeyById" classname="com.store.db.CartDaoIntegrationTest" time="0.202"/>
  <testcase name="testDeleteById" classname="com.store.db.CartDaoIntegrationTest" time="0.257"/>
  <testcase name="testDeleteByEntity" classname="com.store.db.CartDaoIntegrationTest" time="0.164"/>
</testsuite>